This file contains any messages produced by compilers while
running configure, to aid debugging if configure makes a mistake.

It was created by configure, which was
generated by GNU Autoconf 2.69.  Invocation command line was

  $ ./configure --disable-shared --prefix=/home/ubuntu/.c9/local

## --------- ##
## Platform. ##
## --------- ##

hostname = ide
uname -m = x86_64
uname -r = 4.14.104-95.84.amzn2.x86_64
uname -s = Linux
uname -v = #1 SMP Sat Mar 2 00:40:20 UTC 2019

/usr/bin/uname -p = unknown
/bin/uname -X     = unknown

/bin/arch              = unknown
/usr/bin/arch -k       = unknown
/usr/convex/getsysinfo = unknown
/usr/bin/hostinfo      = unknown
/bin/machine           = unknown
/usr/bin/oslevel       = unknown
/bin/universe          = unknown

PATH: /home/ubuntu/.c9/node/bin/
PATH: /home/ubuntu/.c9/node_modules/.bin
PATH: /home/ubuntu/.gem/bin
PATH: /home/ubuntu/.local/bin
PATH: /home/ubuntu/.gem/bin
PATH: /home/ubuntu/.local/bin
PATH: /opt/cs50/bin
PATH: /opt/bin
PATH: /usr/local/sbin
PATH: /usr/local/bin
PATH: /usr/sbin
PATH: /usr/bin
PATH: /sbin
PATH: /bin


## ----------- ##
## Core tests. ##
## ----------- ##

configure:2640: checking for a BSD-compatible install
configure:2708: result: /usr/bin/install -c
configure:2719: checking whether build environment is sane
configure:2774: result: yes
configure:2925: checking for a thread-safe mkdir -p
configure:2964: result: /bin/mkdir -p
configure:2971: checking for gawk
configure:3001: result: no
configure:2971: checking for mawk
configure:2987: found /usr/bin/mawk
configure:2998: result: mawk
configure:3009: checking whether make sets $(MAKE)
configure:3031: result: yes
configure:3132: checking build system type
configure:3146: result: x86_64-unknown-linux-gnu
configure:3166: checking host system type
configure:3179: result: x86_64-unknown-linux-gnu
configure:3255: checking for gcc
configure:3282: result: clang
configure:3511: checking for C compiler version
configure:3520: clang --version >&5
clang version 7.0.0 
Target: x86_64-unknown-linux-gnu
Thread model: posix
InstalledDir: /usr/bin
configure:3531: $? = 0
configure:3520: clang -v >&5
clang version 7.0.0 
Target: x86_64-unknown-linux-gnu
Thread model: posix
InstalledDir: /usr/bin
Found candidate GCC installation: /usr/bin/../lib/gcc/x86_64-linux-gnu/7
Found candidate GCC installation: /usr/bin/../lib/gcc/x86_64-linux-gnu/7.4.0
Found candidate GCC installation: /usr/bin/../lib/gcc/x86_64-linux-gnu/8
Found candidate GCC installation: /usr/lib/gcc/x86_64-linux-gnu/7
Found candidate GCC installation: /usr/lib/gcc/x86_64-linux-gnu/7.4.0
Found candidate GCC installation: /usr/lib/gcc/x86_64-linux-gnu/8
... rest of stderr output deleted ...
configure:3531: $? = 0
configure:3520: clang -V >&5
clang-7: error: argument to '-V' is missing (expected 1 value)
clang-7: error: no input files
configure:3531: $? = 1
configure:3520: clang -qversion >&5
clang-7: error: unknown argument '-qversion', did you mean '--version'?
clang-7: error: no input files
configure:3531: $? = 1
configure:3551: checking whether the C compiler works
configure:3573: clang -ggdb3 -O0 -std=c11 -Wall -Werror -Wextra -Wno-sign-compare -Wno-unused-parameter -Wno-unused-variable -Wshadow   conftest.c  >&5
configure:3577: $? = 0
configure:3625: result: yes
configure:3628: checking for C compiler default output file name
configure:3630: result: a.out
configure:3636: checking for suffix of executables
configure:3643: clang -o conftest -ggdb3 -O0 -std=c11 -Wall -Werror -Wextra -Wno-sign-compare -Wno-unused-parameter -Wno-unused-variable -Wshadow   conftest.c  >&5
configure:3647: $? = 0
configure:3669: result: 
configure:3691: checking whether we are cross compiling
configure:3699: clang -o conftest -ggdb3 -O0 -std=c11 -Wall -Werror -Wextra -Wno-sign-compare -Wno-unused-parameter -Wno-unused-variable -Wshadow   conftest.c  >&5
configure:3703: $? = 0
configure:3710: ./conftest
configure:3714: $? = 0
configure:3729: result: no
configure:3734: checking for suffix of object files
configure:3756: clang -c -ggdb3 -O0 -std=c11 -Wall -Werror -Wextra -Wno-sign-compare -Wno-unused-parameter -Wno-unused-variable -Wshadow  conftest.c >&5
configure:3760: $? = 0
configure:3781: result: o
configure:3785: checking whether we are using the GNU C compiler
configure:3804: clang -c -ggdb3 -O0 -std=c11 -Wall -Werror -Wextra -Wno-sign-compare -Wno-unused-parameter -Wno-unused-variable -Wshadow  conftest.c >&5
configure:3804: $? = 0
configure:3813: result: yes
configure:3822: checking whether clang accepts -g
configure:3842: clang -c -g  conftest.c >&5
configure:3842: $? = 0
configure:3883: result: yes
configure:3900: checking for clang option to accept ISO C89
configure:3963: clang  -c -ggdb3 -O0 -std=c11 -Wall -Werror -Wextra -Wno-sign-compare -Wno-unused-parameter -Wno-unused-variable -Wshadow  conftest.c >&5
configure:3963: $? = 0
configure:3976: result: none needed
configure:4007: checking for style of include used by make
configure:4035: result: GNU
configure:4061: checking dependency style of clang
configure:4172: result: gcc3
configure:4188: checking whether clang and cc understand -c and -o together
configure:4219: clang -c conftest.c -o conftest2.o >&5
configure:4223: $? = 0
configure:4229: clang -c conftest.c -o conftest2.o >&5
configure:4233: $? = 0
configure:4244: cc -c conftest.c >&5
configure:4248: $? = 0
configure:4256: cc -c conftest.c -o conftest2.o >&5
configure:4260: $? = 0
configure:4266: cc -c conftest.c -o conftest2.o >&5
configure:4270: $? = 0
configure:4288: result: yes
configure:4314: checking whether ln -s works
configure:4318: result: yes
configure:4329: checking for a sed that does not truncate output
configure:4393: result: /bin/sed
configure:4405: checking how to run the C preprocessor
configure:4436: clang -E  conftest.c
configure:4436: $? = 0
configure:4450: clang -E  conftest.c
conftest.c:12:10: fatal error: 'ac_nonexistent.h' file not found
#include <ac_nonexistent.h>
         ^~~~~~~~~~~~~~~~~~
1 error generated.
configure:4450: $? = 1
configure: failed program was:
| /* confdefs.h */
| #define PACKAGE_NAME ""
| #define PACKAGE_TARNAME ""
| #define PACKAGE_VERSION ""
| #define PACKAGE_STRING ""
| #define PACKAGE_BUGREPORT ""
| #define PACKAGE_URL ""
| #define PACKAGE "libevent"
| #define VERSION "2.0.22-stable"
| #define NUMERIC_VERSION 0x02001600
| /* end confdefs.h.  */
| #include <ac_nonexistent.h>
configure:4475: result: clang -E
configure:4495: clang -E  conftest.c
configure:4495: $? = 0
configure:4509: clang -E  conftest.c
conftest.c:12:10: fatal error: 'ac_nonexistent.h' file not found
#include <ac_nonexistent.h>
         ^~~~~~~~~~~~~~~~~~
1 error generated.
configure:4509: $? = 1
configure: failed program was:
| /* confdefs.h */
| #define PACKAGE_NAME ""
| #define PACKAGE_TARNAME ""
| #define PACKAGE_VERSION ""
| #define PACKAGE_STRING ""
| #define PACKAGE_BUGREPORT ""
| #define PACKAGE_URL ""
| #define PACKAGE "libevent"
| #define VERSION "2.0.22-stable"
| #define NUMERIC_VERSION 0x02001600
| /* end confdefs.h.  */
| #include <ac_nonexistent.h>
configure:4538: checking for grep that handles long lines and -e
configure:4596: result: /bin/grep
configure:4601: checking for egrep
configure:4663: result: /bin/grep -E
configure:4669: checking whether clang needs -traditional
configure:4703: result: no
configure:4727: clang -c -ggdb3 -O0 -std=c11 -Wall -Werror -Wextra -Wno-sign-compare -Wno-unused-parameter -Wno-unused-variable -Wshadow  conftest.c >&5
configure:4727: $? = 0
configure:4855: checking how to print strings
configure:4882: result: printf
configure:4903: checking for a sed that does not truncate output
configure:4967: result: /bin/sed
configure:4985: checking for fgrep
configure:5047: result: /bin/grep -F
configure:5082: checking for ld used by clang
configure:5149: result: /usr/bin/ld
configure:5156: checking if the linker (/usr/bin/ld) is GNU ld
configure:5171: result: yes
configure:5183: checking for BSD- or MS-compatible name lister (nm)
configure:5232: result: /usr/bin/nm -B
configure:5362: checking the name lister (/usr/bin/nm -B) interface
configure:5369: clang -c -ggdb3 -O0 -std=c11 -Wall -Werror -Wextra -Wno-sign-compare -Wno-unused-parameter -Wno-unused-variable -Wshadow -Wall -fno-strict-aliasing  conftest.c >&5
configure:5372: /usr/bin/nm -B "conftest.o"
configure:5375: output
0000000000000000 B some_variable
configure:5382: result: BSD nm
configure:5386: checking the maximum length of command line arguments
configure:5516: result: 1572864
configure:5533: checking whether the shell understands some XSI constructs
configure:5543: result: yes
configure:5547: checking whether the shell understands "+="
configure:5553: result: yes
configure:5588: checking how to convert x86_64-unknown-linux-gnu file names to x86_64-unknown-linux-gnu format
configure:5628: result: func_convert_file_noop
configure:5635: checking how to convert x86_64-unknown-linux-gnu file names to toolchain format
configure:5655: result: func_convert_file_noop
configure:5662: checking for /usr/bin/ld option to reload object files
configure:5669: result: -r
configure:5743: checking for objdump
configure:5759: found /usr/bin/objdump
configure:5770: result: objdump
configure:5802: checking how to recognize dependent libraries
configure:6004: result: pass_all
configure:6089: checking for dlltool
configure:6119: result: no
configure:6149: checking how to associate runtime and link libraries
configure:6176: result: printf %s\n
configure:6236: checking for ar
configure:6252: found /usr/bin/ar
configure:6263: result: ar
configure:6300: checking for archiver @FILE support
configure:6317: clang -c -ggdb3 -O0 -std=c11 -Wall -Werror -Wextra -Wno-sign-compare -Wno-unused-parameter -Wno-unused-variable -Wshadow -Wall -fno-strict-aliasing  conftest.c >&5
configure:6317: $? = 0
configure:6320: ar cru libconftest.a @conftest.lst >&5
ar: `u' modifier ignored since `D' is the default (see `U')
configure:6323: $? = 0
configure:6328: ar cru libconftest.a @conftest.lst >&5
ar: `u' modifier ignored since `D' is the default (see `U')
ar: conftest.o: No such file or directory
configure:6331: $? = 1
configure:6343: result: @
configure:6401: checking for strip
configure:6417: found /usr/bin/strip
configure:6428: result: strip
configure:6500: checking for ranlib
configure:6516: found /usr/bin/ranlib
configure:6527: result: ranlib
configure:6629: checking command to parse /usr/bin/nm -B output from clang object
configure:6749: clang -c -ggdb3 -O0 -std=c11 -Wall -Werror -Wextra -Wno-sign-compare -Wno-unused-parameter -Wno-unused-variable -Wshadow -Wall -fno-strict-aliasing  conftest.c >&5
configure:6752: $? = 0
configure:6756: /usr/bin/nm -B conftest.o \| sed -n -e 's/^.*[ ]\([ABCDGIRSTW][ABCDGIRSTW]*\)[ ][ ]*\([_A-Za-z][_A-Za-z0-9]*\)$/\1 \2 \2/p' | sed '/ __gnu_lto/d' \> conftest.nm
configure:6759: $? = 0
configure:6825: clang -o conftest -ggdb3 -O0 -std=c11 -Wall -Werror -Wextra -Wno-sign-compare -Wno-unused-parameter -Wno-unused-variable -Wshadow -Wall -fno-strict-aliasing   conftest.c conftstm.o >&5
configure:6828: $? = 0
configure:6866: result: ok
configure:6903: checking for sysroot
configure:6933: result: no
configure:7010: clang -c -ggdb3 -O0 -std=c11 -Wall -Werror -Wextra -Wno-sign-compare -Wno-unused-parameter -Wno-unused-variable -Wshadow -Wall -fno-strict-aliasing  conftest.c >&5
configure:7013: $? = 0
configure:7189: checking for mt
configure:7219: result: no
configure:7239: checking if : is a manifest tool
configure:7245: : '-?'
configure:7253: result: no
configure:7890: checking for ANSI C header files
configure:7910: clang -c -ggdb3 -O0 -std=c11 -Wall -Werror -Wextra -Wno-sign-compare -Wno-unused-parameter -Wno-unused-variable -Wshadow -Wall -fno-strict-aliasing  conftest.c >&5
configure:7910: $? = 0
configure:7983: clang -o conftest -ggdb3 -O0 -std=c11 -Wall -Werror -Wextra -Wno-sign-compare -Wno-unused-parameter -Wno-unused-variable -Wshadow -Wall -fno-strict-aliasing   conftest.c  >&5
configure:7983: $? = 0
configure:7983: ./conftest
configure:7983: $? = 0
configure:7994: result: yes
configure:8007: checking for sys/types.h
configure:8007: clang -c -ggdb3 -O0 -std=c11 -Wall -Werror -Wextra -Wno-sign-compare -Wno-unused-parameter -Wno-unused-variable -Wshadow -Wall -fno-strict-aliasing  conftest.c >&5
configure:8007: $? = 0
configure:8007: result: yes
configure:8007: checking for sys/stat.h
configure:8007: clang -c -ggdb3 -O0 -std=c11 -Wall -Werror -Wextra -Wno-sign-compare -Wno-unused-parameter -Wno-unused-variable -Wshadow -Wall -fno-strict-aliasing  conftest.c >&5
configure:8007: $? = 0
configure:8007: result: yes
configure:8007: checking for stdlib.h
configure:8007: clang -c -ggdb3 -O0 -std=c11 -Wall -Werror -Wextra -Wno-sign-compare -Wno-unused-parameter -Wno-unused-variable -Wshadow -Wall -fno-strict-aliasing  conftest.c >&5
configure:8007: $? = 0
configure:8007: result: yes
configure:8007: checking for string.h
configure:8007: clang -c -ggdb3 -O0 -std=c11 -Wall -Werror -Wextra -Wno-sign-compare -Wno-unused-parameter -Wno-unused-variable -Wshadow -Wall -fno-strict-aliasing  conftest.c >&5
configure:8007: $? = 0
configure:8007: result: yes
configure:8007: checking for memory.h
configure:8007: clang -c -ggdb3 -O0 -std=c11 -Wall -Werror -Wextra -Wno-sign-compare -Wno-unused-parameter -Wno-unused-variable -Wshadow -Wall -fno-strict-aliasing  conftest.c >&5
configure:8007: $? = 0
configure:8007: result: yes
configure:8007: checking for strings.h
configure:8007: clang -c -ggdb3 -O0 -std=c11 -Wall -Werror -Wextra -Wno-sign-compare -Wno-unused-parameter -Wno-unused-variable -Wshadow -Wall -fno-strict-aliasing  conftest.c >&5
configure:8007: $? = 0
configure:8007: result: yes
configure:8007: checking for inttypes.h
configure:8007: clang -c -ggdb3 -O0 -std=c11 -Wall -Werror -Wextra -Wno-sign-compare -Wno-unused-parameter -Wno-unused-variable -Wshadow -Wall -fno-strict-aliasing  conftest.c >&5
configure:8007: $? = 0
configure:8007: result: yes
configure:8007: checking for stdint.h
configure:8007: clang -c -ggdb3 -O0 -std=c11 -Wall -Werror -Wextra -Wno-sign-compare -Wno-unused-parameter -Wno-unused-variable -Wshadow -Wall -fno-strict-aliasing  conftest.c >&5
configure:8007: $? = 0
configure:8007: result: yes
configure:8007: checking for unistd.h
configure:8007: clang -c -ggdb3 -O0 -std=c11 -Wall -Werror -Wextra -Wno-sign-compare -Wno-unused-parameter -Wno-unused-variable -Wshadow -Wall -fno-strict-aliasing  conftest.c >&5
configure:8007: $? = 0
configure:8007: result: yes
configure:8021: checking for dlfcn.h
configure:8021: clang -c -ggdb3 -O0 -std=c11 -Wall -Werror -Wextra -Wno-sign-compare -Wno-unused-parameter -Wno-unused-variable -Wshadow -Wall -fno-strict-aliasing  conftest.c >&5
configure:8021: $? = 0
configure:8021: result: yes
configure:8227: checking for objdir
configure:8242: result: .libs
configure:8513: checking if clang supports -fno-rtti -fno-exceptions
configure:8531: clang -c -ggdb3 -O0 -std=c11 -Wall -Werror -Wextra -Wno-sign-compare -Wno-unused-parameter -Wno-unused-variable -Wshadow -Wall -fno-strict-aliasing  -fno-rtti -fno-exceptions conftest.c >&5
configure:8535: $? = 0
configure:8548: result: yes
configure:8875: checking for clang option to produce PIC
configure:8882: result: -fPIC -DPIC
configure:8890: checking if clang PIC flag -fPIC -DPIC works
configure:8908: clang -c -ggdb3 -O0 -std=c11 -Wall -Werror -Wextra -Wno-sign-compare -Wno-unused-parameter -Wno-unused-variable -Wshadow -Wall -fno-strict-aliasing  -fPIC -DPIC -DPIC conftest.c >&5
configure:8912: $? = 0
configure:8925: result: yes
configure:8954: checking if clang static flag -static works
configure:8982: result: yes
configure:8997: checking if clang supports -c -o file.o
configure:9018: clang -c -ggdb3 -O0 -std=c11 -Wall -Werror -Wextra -Wno-sign-compare -Wno-unused-parameter -Wno-unused-variable -Wshadow -Wall -fno-strict-aliasing  -o out/conftest2.o conftest.c >&5
configure:9022: $? = 0
configure:9044: result: yes
configure:9052: checking if clang supports -c -o file.o
configure:9099: result: yes
configure:9132: checking whether the clang linker (/usr/bin/ld -m elf_x86_64) supports shared libraries
configure:10285: result: yes
configure:10525: checking dynamic linker characteristics
configure:11036: clang -o conftest -ggdb3 -O0 -std=c11 -Wall -Werror -Wextra -Wno-sign-compare -Wno-unused-parameter -Wno-unused-variable -Wshadow -Wall -fno-strict-aliasing   -Wl,-rpath -Wl,/foo conftest.c  >&5
configure:11036: $? = 0
configure:11262: result: GNU/Linux ld.so
configure:11369: checking how to hardcode library paths into programs
configure:11394: result: immediate
configure:11934: checking whether stripping libraries is possible
configure:11939: result: yes
configure:11974: checking if libtool supports shared libraries
configure:11976: result: yes
configure:11979: checking whether to build shared libraries
configure:12000: result: no
configure:12003: checking whether to build static libraries
configure:12007: result: yes
configure:12056: checking for library containing inet_ntoa
configure:12087: clang -o conftest -ggdb3 -O0 -std=c11 -Wall -Werror -Wextra -Wno-sign-compare -Wno-unused-parameter -Wno-unused-variable -Wshadow -Wall -fno-strict-aliasing   conftest.c  >&5
configure:12087: $? = 0
configure:12104: result: none required
configure:12112: checking for library containing socket
configure:12143: clang -o conftest -ggdb3 -O0 -std=c11 -Wall -Werror -Wextra -Wno-sign-compare -Wno-unused-parameter -Wno-unused-variable -Wshadow -Wall -fno-strict-aliasing   conftest.c  >&5
configure:12143: $? = 0
configure:12160: result: none required
configure:12168: checking for library containing inet_aton
configure:12199: clang -o conftest -ggdb3 -O0 -std=c11 -Wall -Werror -Wextra -Wno-sign-compare -Wno-unused-parameter -Wno-unused-variable -Wshadow -Wall -fno-strict-aliasing   conftest.c  >&5
configure:12199: $? = 0
configure:12216: result: none required
configure:12224: checking for library containing clock_gettime
configure:12255: clang -o conftest -ggdb3 -O0 -std=c11 -Wall -Werror -Wextra -Wno-sign-compare -Wno-unused-parameter -Wno-unused-variable -Wshadow -Wall -fno-strict-aliasing   conftest.c  >&5
configure:12255: $? = 0
configure:12272: result: none required
configure:12280: checking for library containing sendfile
configure:12311: clang -o conftest -ggdb3 -O0 -std=c11 -Wall -Werror -Wextra -Wno-sign-compare -Wno-unused-parameter -Wno-unused-variable -Wshadow -Wall -fno-strict-aliasing   conftest.c  >&5
configure:12311: $? = 0
configure:12328: result: none required
configure:12337: checking for WIN32
configure:12354: clang -c -ggdb3 -O0 -std=c11 -Wall -Werror -Wextra -Wno-sign-compare -Wno-unused-parameter -Wno-unused-variable -Wshadow -Wall -fno-strict-aliasing  conftest.c >&5
conftest.c:30:1: error: use of undeclared identifier 'die'
die horribly
^
1 error generated.
configure:12354: $? = 1
configure: failed program was:
| /* confdefs.h */
| #define PACKAGE_NAME ""
| #define PACKAGE_TARNAME ""
| #define PACKAGE_VERSION ""
| #define PACKAGE_STRING ""
| #define PACKAGE_BUGREPORT ""
| #define PACKAGE_URL ""
| #define PACKAGE "libevent"
| #define VERSION "2.0.22-stable"
| #define NUMERIC_VERSION 0x02001600
| #define STDC_HEADERS 1
| #define HAVE_SYS_TYPES_H 1
| #define HAVE_SYS_STAT_H 1
| #define HAVE_STDLIB_H 1
| #define HAVE_STRING_H 1
| #define HAVE_MEMORY_H 1
| #define HAVE_STRINGS_H 1
| #define HAVE_INTTYPES_H 1
| #define HAVE_STDINT_H 1
| #define HAVE_UNISTD_H 1
| #define HAVE_DLFCN_H 1
| #define LT_OBJDIR ".libs/"
| /* end confdefs.h.  */
| 
| int
| main ()
| {
| 
| #ifndef WIN32
| die horribly
| #endif
| 
|   ;
|   return 0;
| }
configure:12358: result: no
configure:12363: checking for CYGWIN
configure:12380: clang -c -ggdb3 -O0 -std=c11 -Wall -Werror -Wextra -Wno-sign-compare -Wno-unused-parameter -Wno-unused-variable -Wshadow -Wall -fno-strict-aliasing  conftest.c >&5
conftest.c:30:1: error: use of undeclared identifier 'die'
die horribly
^
1 error generated.
configure:12380: $? = 1
configure: failed program was:
| /* confdefs.h */
| #define PACKAGE_NAME ""
| #define PACKAGE_TARNAME ""
| #define PACKAGE_VERSION ""
| #define PACKAGE_STRING ""
| #define PACKAGE_BUGREPORT ""
| #define PACKAGE_URL ""
| #define PACKAGE "libevent"
| #define VERSION "2.0.22-stable"
| #define NUMERIC_VERSION 0x02001600
| #define STDC_HEADERS 1
| #define HAVE_SYS_TYPES_H 1
| #define HAVE_SYS_STAT_H 1
| #define HAVE_STDLIB_H 1
| #define HAVE_STRING_H 1
| #define HAVE_MEMORY_H 1
| #define HAVE_STRINGS_H 1
| #define HAVE_INTTYPES_H 1
| #define HAVE_STDINT_H 1
| #define HAVE_UNISTD_H 1
| #define HAVE_DLFCN_H 1
| #define LT_OBJDIR ".libs/"
| /* end confdefs.h.  */
| 
| int
| main ()
| {
| 
| #ifndef __CYGWIN__
| die horribly
| #endif
| 
|   ;
|   return 0;
| }
configure:12384: result: no
configure:12391: checking zlib.h usability
configure:12391: clang -c -ggdb3 -O0 -std=c11 -Wall -Werror -Wextra -Wno-sign-compare -Wno-unused-parameter -Wno-unused-variable -Wshadow -Wall -fno-strict-aliasing  conftest.c >&5
configure:12391: $? = 0
configure:12391: result: yes
configure:12391: checking zlib.h presence
configure:12391: clang -E  conftest.c
configure:12391: $? = 0
configure:12391: result: yes
configure:12391: checking for zlib.h
configure:12391: result: yes
configure:12407: checking for library containing inflateEnd
configure:12438: clang -o conftest -ggdb3 -O0 -std=c11 -Wall -Werror -Wextra -Wno-sign-compare -Wno-unused-parameter -Wno-unused-variable -Wshadow -Wall -fno-strict-aliasing   conftest.c  >&5
/tmp/conftest-27a8c8.o: In function `main':
/home/ubuntu/.c9/libevent-2.0.22-stable/conftest.c:36: undefined reference to `inflateEnd'
clang-7: error: linker command failed with exit code 1 (use -v to see invocation)
configure:12438: $? = 1
configure: failed program was:
| /* confdefs.h */
| #define PACKAGE_NAME ""
| #define PACKAGE_TARNAME ""
| #define PACKAGE_VERSION ""
| #define PACKAGE_STRING ""
| #define PACKAGE_BUGREPORT ""
| #define PACKAGE_URL ""
| #define PACKAGE "libevent"
| #define VERSION "2.0.22-stable"
| #define NUMERIC_VERSION 0x02001600
| #define STDC_HEADERS 1
| #define HAVE_SYS_TYPES_H 1
| #define HAVE_SYS_STAT_H 1
| #define HAVE_STDLIB_H 1
| #define HAVE_STRING_H 1
| #define HAVE_MEMORY_H 1
| #define HAVE_STRINGS_H 1
| #define HAVE_INTTYPES_H 1
| #define HAVE_STDINT_H 1
| #define HAVE_UNISTD_H 1
| #define HAVE_DLFCN_H 1
| #define LT_OBJDIR ".libs/"
| #define HAVE_ZLIB_H 1
| /* end confdefs.h.  */
| 
| /* Override any GCC internal prototype to avoid an error.
|    Use char because int might match the return type of a GCC
|    builtin and then its argument prototype would still apply.  */
| #ifdef __cplusplus
| extern "C"
| #endif
| char inflateEnd ();
| int
| main ()
| {
| return inflateEnd ();
|   ;
|   return 0;
| }
configure:12438: clang -o conftest -ggdb3 -O0 -std=c11 -Wall -Werror -Wextra -Wno-sign-compare -Wno-unused-parameter -Wno-unused-variable -Wshadow -Wall -fno-strict-aliasing   conftest.c -lz   >&5
configure:12438: $? = 0
configure:12455: result: -lz
configure:12492: checking openssl/bio.h usability
configure:12492: clang -c -ggdb3 -O0 -std=c11 -Wall -Werror -Wextra -Wno-sign-compare -Wno-unused-parameter -Wno-unused-variable -Wshadow -Wall -fno-strict-aliasing  conftest.c >&5
configure:12492: $? = 0
configure:12492: result: yes
configure:12492: checking openssl/bio.h presence
configure:12492: clang -E  conftest.c
configure:12492: $? = 0
configure:12492: result: yes
configure:12492: checking for openssl/bio.h
configure:12492: result: yes
configure:12508: checking for library containing SSL_new
configure:12539: clang -o conftest -ggdb3 -O0 -std=c11 -Wall -Werror -Wextra -Wno-sign-compare -Wno-unused-parameter -Wno-unused-variable -Wshadow -Wall -fno-strict-aliasing   conftest.c  >&5
/tmp/conftest-f279ec.o: In function `main':
/home/ubuntu/.c9/libevent-2.0.22-stable/conftest.c:38: undefined reference to `SSL_new'
clang-7: error: linker command failed with exit code 1 (use -v to see invocation)
configure:12539: $? = 1
configure: failed program was:
| /* confdefs.h */
| #define PACKAGE_NAME ""
| #define PACKAGE_TARNAME ""
| #define PACKAGE_VERSION ""
| #define PACKAGE_STRING ""
| #define PACKAGE_BUGREPORT ""
| #define PACKAGE_URL ""
| #define PACKAGE "libevent"
| #define VERSION "2.0.22-stable"
| #define NUMERIC_VERSION 0x02001600
| #define STDC_HEADERS 1
| #define HAVE_SYS_TYPES_H 1
| #define HAVE_SYS_STAT_H 1
| #define HAVE_STDLIB_H 1
| #define HAVE_STRING_H 1
| #define HAVE_MEMORY_H 1
| #define HAVE_STRINGS_H 1
| #define HAVE_INTTYPES_H 1
| #define HAVE_STDINT_H 1
| #define HAVE_UNISTD_H 1
| #define HAVE_DLFCN_H 1
| #define LT_OBJDIR ".libs/"
| #define HAVE_ZLIB_H 1
| #define HAVE_LIBZ 1
| #define HAVE_OPENSSL_BIO_H 1
| /* end confdefs.h.  */
| 
| /* Override any GCC internal prototype to avoid an error.
|    Use char because int might match the return type of a GCC
|    builtin and then its argument prototype would still apply.  */
| #ifdef __cplusplus
| extern "C"
| #endif
| char SSL_new ();
| int
| main ()
| {
| return SSL_new ();
|   ;
|   return 0;
| }
configure:12539: clang -o conftest -ggdb3 -O0 -std=c11 -Wall -Werror -Wextra -Wno-sign-compare -Wno-unused-parameter -Wno-unused-variable -Wshadow -Wall -fno-strict-aliasing   conftest.c -lssl -lcrypto     >&5
configure:12539: $? = 0
configure:12556: result: -lssl
configure:12574: checking for ANSI C header files
configure:12678: result: yes
configure:12689: checking fcntl.h usability
configure:12689: clang -c -ggdb3 -O0 -std=c11 -Wall -Werror -Wextra -Wno-sign-compare -Wno-unused-parameter -Wno-unused-variable -Wshadow -Wall -fno-strict-aliasing  conftest.c >&5
configure:12689: $? = 0
configure:12689: result: yes
configure:12689: checking fcntl.h presence
configure:12689: clang -E  conftest.c
configure:12689: $? = 0
configure:12689: result: yes
configure:12689: checking for fcntl.h
configure:12689: result: yes
configure:12689: checking stdarg.h usability
configure:12689: clang -c -ggdb3 -O0 -std=c11 -Wall -Werror -Wextra -Wno-sign-compare -Wno-unused-parameter -Wno-unused-variable -Wshadow -Wall -fno-strict-aliasing  conftest.c >&5
configure:12689: $? = 0
configure:12689: result: yes
configure:12689: checking stdarg.h presence
configure:12689: clang -E  conftest.c
configure:12689: $? = 0
configure:12689: result: yes
configure:12689: checking for stdarg.h
configure:12689: result: yes
configure:12689: checking for inttypes.h
configure:12689: result: yes
configure:12689: checking for stdint.h
configure:12689: result: yes
configure:12689: checking stddef.h usability
configure:12689: clang -c -ggdb3 -O0 -std=c11 -Wall -Werror -Wextra -Wno-sign-compare -Wno-unused-parameter -Wno-unused-variable -Wshadow -Wall -fno-strict-aliasing  conftest.c >&5
configure:12689: $? = 0
configure:12689: result: yes
configure:12689: checking stddef.h presence
configure:12689: clang -E  conftest.c
configure:12689: $? = 0
configure:12689: result: yes
configure:12689: checking for stddef.h
configure:12689: result: yes
configure:12689: checking poll.h usability
configure:12689: clang -c -ggdb3 -O0 -std=c11 -Wall -Werror -Wextra -Wno-sign-compare -Wno-unused-parameter -Wno-unused-variable -Wshadow -Wall -fno-strict-aliasing  conftest.c >&5
configure:12689: $? = 0
configure:12689: result: yes
configure:12689: checking poll.h presence
configure:12689: clang -E  conftest.c
configure:12689: $? = 0
configure:12689: result: yes
configure:12689: checking for poll.h
configure:12689: result: yes
configure:12689: checking for unistd.h
configure:12689: result: yes
configure:12689: checking sys/epoll.h usability
configure:12689: clang -c -ggdb3 -O0 -std=c11 -Wall -Werror -Wextra -Wno-sign-compare -Wno-unused-parameter -Wno-unused-variable -Wshadow -Wall -fno-strict-aliasing  conftest.c >&5
configure:12689: $? = 0
configure:12689: result: yes
configure:12689: checking sys/epoll.h presence
configure:12689: clang -E  conftest.c
configure:12689: $? = 0
configure:12689: result: yes
configure:12689: checking for sys/epoll.h
configure:12689: result: yes
configure:12689: checking sys/time.h usability
configure:12689: clang -c -ggdb3 -O0 -std=c11 -Wall -Werror -Wextra -Wno-sign-compare -Wno-unused-parameter -Wno-unused-variable -Wshadow -Wall -fno-strict-aliasing  conftest.c >&5
configure:12689: $? = 0
configure:12689: result: yes
configure:12689: checking sys/time.h presence
configure:12689: clang -E  conftest.c
configure:12689: $? = 0
configure:12689: result: yes
configure:12689: checking for sys/time.h
configure:12689: result: yes
configure:12689: checking sys/queue.h usability
configure:12689: clang -c -ggdb3 -O0 -std=c11 -Wall -Werror -Wextra -Wno-sign-compare -Wno-unused-parameter -Wno-unused-variable -Wshadow -Wall -fno-strict-aliasing  conftest.c >&5
configure:12689: $? = 0
configure:12689: result: yes
configure:12689: checking sys/queue.h presence
configure:12689: clang -E  conftest.c
configure:12689: $? = 0
configure:12689: result: yes
configure:12689: checking for sys/queue.h
configure:12689: result: yes
configure:12689: checking sys/event.h usability
configure:12689: clang -c -ggdb3 -O0 -std=c11 -Wall -Werror -Wextra -Wno-sign-compare -Wno-unused-parameter -Wno-unused-variable -Wshadow -Wall -fno-strict-aliasing  conftest.c >&5
conftest.c:72:10: fatal error: 'sys/event.h' file not found
#include <sys/event.h>
         ^~~~~~~~~~~~~
1 error generated.
configure:12689: $? = 1
configure: failed program was:
| /* confdefs.h */
| #define PACKAGE_NAME ""
| #define PACKAGE_TARNAME ""
| #define PACKAGE_VERSION ""
| #define PACKAGE_STRING ""
| #define PACKAGE_BUGREPORT ""
| #define PACKAGE_URL ""
| #define PACKAGE "libevent"
| #define VERSION "2.0.22-stable"
| #define NUMERIC_VERSION 0x02001600
| #define STDC_HEADERS 1
| #define HAVE_SYS_TYPES_H 1
| #define HAVE_SYS_STAT_H 1
| #define HAVE_STDLIB_H 1
| #define HAVE_STRING_H 1
| #define HAVE_MEMORY_H 1
| #define HAVE_STRINGS_H 1
| #define HAVE_INTTYPES_H 1
| #define HAVE_STDINT_H 1
| #define HAVE_UNISTD_H 1
| #define HAVE_DLFCN_H 1
| #define LT_OBJDIR ".libs/"
| #define HAVE_ZLIB_H 1
| #define HAVE_LIBZ 1
| #define HAVE_OPENSSL_BIO_H 1
| #define HAVE_OPENSSL 1
| #define STDC_HEADERS 1
| #define HAVE_FCNTL_H 1
| #define HAVE_STDARG_H 1
| #define HAVE_INTTYPES_H 1
| #define HAVE_STDINT_H 1
| #define HAVE_STDDEF_H 1
| #define HAVE_POLL_H 1
| #define HAVE_UNISTD_H 1
| #define HAVE_SYS_EPOLL_H 1
| #define HAVE_SYS_TIME_H 1
| #define HAVE_SYS_QUEUE_H 1
| /* end confdefs.h.  */
| #include <stdio.h>
| #ifdef HAVE_SYS_TYPES_H
| # include <sys/types.h>
| #endif
| #ifdef HAVE_SYS_STAT_H
| # include <sys/stat.h>
| #endif
| #ifdef STDC_HEADERS
| # include <stdlib.h>
| # include <stddef.h>
| #else
| # ifdef HAVE_STDLIB_H
| #  include <stdlib.h>
| # endif
| #endif
| #ifdef HAVE_STRING_H
| # if !defined STDC_HEADERS && defined HAVE_MEMORY_H
| #  include <memory.h>
| # endif
| # include <string.h>
| #endif
| #ifdef HAVE_STRINGS_H
| # include <strings.h>
| #endif
| #ifdef HAVE_INTTYPES_H
| # include <inttypes.h>
| #endif
| #ifdef HAVE_STDINT_H
| # include <stdint.h>
| #endif
| #ifdef HAVE_UNISTD_H
| # include <unistd.h>
| #endif
| #include <sys/event.h>
configure:12689: result: no
configure:12689: checking sys/event.h presence
configure:12689: clang -E  conftest.c
conftest.c:39:10: fatal error: 'sys/event.h' file not found
#include <sys/event.h>
         ^~~~~~~~~~~~~
1 error generated.
configure:12689: $? = 1
configure: failed program was:
| /* confdefs.h */
| #define PACKAGE_NAME ""
| #define PACKAGE_TARNAME ""
| #define PACKAGE_VERSION ""
| #define PACKAGE_STRING ""
| #define PACKAGE_BUGREPORT ""
| #define PACKAGE_URL ""
| #define PACKAGE "libevent"
| #define VERSION "2.0.22-stable"
| #define NUMERIC_VERSION 0x02001600
| #define STDC_HEADERS 1
| #define HAVE_SYS_TYPES_H 1
| #define HAVE_SYS_STAT_H 1
| #define HAVE_STDLIB_H 1
| #define HAVE_STRING_H 1
| #define HAVE_MEMORY_H 1
| #define HAVE_STRINGS_H 1
| #define HAVE_INTTYPES_H 1
| #define HAVE_STDINT_H 1
| #define HAVE_UNISTD_H 1
| #define HAVE_DLFCN_H 1
| #define LT_OBJDIR ".libs/"
| #define HAVE_ZLIB_H 1
| #define HAVE_LIBZ 1
| #define HAVE_OPENSSL_BIO_H 1
| #define HAVE_OPENSSL 1
| #define STDC_HEADERS 1
| #define HAVE_FCNTL_H 1
| #define HAVE_STDARG_H 1
| #define HAVE_INTTYPES_H 1
| #define HAVE_STDINT_H 1
| #define HAVE_STDDEF_H 1
| #define HAVE_POLL_H 1
| #define HAVE_UNISTD_H 1
| #define HAVE_SYS_EPOLL_H 1
| #define HAVE_SYS_TIME_H 1
| #define HAVE_SYS_QUEUE_H 1
| /* end confdefs.h.  */
| #include <sys/event.h>
configure:12689: result: no
configure:12689: checking for sys/event.h
configure:12689: result: no
configure:12689: checking sys/param.h usability
configure:12689: clang -c -ggdb3 -O0 -std=c11 -Wall -Werror -Wextra -Wno-sign-compare -Wno-unused-parameter -Wno-unused-variable -Wshadow -Wall -fno-strict-aliasing  conftest.c >&5
configure:12689: $? = 0
configure:12689: result: yes
configure:12689: checking sys/param.h presence
configure:12689: clang -E  conftest.c
configure:12689: $? = 0
configure:12689: result: yes
configure:12689: checking for sys/param.h
configure:12689: result: yes
configure:12689: checking sys/ioctl.h usability
configure:12689: clang -c -ggdb3 -O0 -std=c11 -Wall -Werror -Wextra -Wno-sign-compare -Wno-unused-parameter -Wno-unused-variable -Wshadow -Wall -fno-strict-aliasing  conftest.c >&5
configure:12689: $? = 0
configure:12689: result: yes
configure:12689: checking sys/ioctl.h presence
configure:12689: clang -E  conftest.c
configure:12689: $? = 0
configure:12689: result: yes
configure:12689: checking for sys/ioctl.h
configure:12689: result: yes
configure:12689: checking sys/select.h usability
configure:12689: clang -c -ggdb3 -O0 -std=c11 -Wall -Werror -Wextra -Wno-sign-compare -Wno-unused-parameter -Wno-unused-variable -Wshadow -Wall -fno-strict-aliasing  conftest.c >&5
configure:12689: $? = 0
configure:12689: result: yes
configure:12689: checking sys/select.h presence
configure:12689: clang -E  conftest.c
configure:12689: $? = 0
configure:12689: result: yes
configure:12689: checking for sys/select.h
configure:12689: result: yes
configure:12689: checking sys/devpoll.h usability
configure:12689: clang -c -ggdb3 -O0 -std=c11 -Wall -Werror -Wextra -Wno-sign-compare -Wno-unused-parameter -Wno-unused-variable -Wshadow -Wall -fno-strict-aliasing  conftest.c >&5
conftest.c:75:10: fatal error: 'sys/devpoll.h' file not found
#include <sys/devpoll.h>
         ^~~~~~~~~~~~~~~
1 error generated.
configure:12689: $? = 1
configure: failed program was:
| /* confdefs.h */
| #define PACKAGE_NAME ""
| #define PACKAGE_TARNAME ""
| #define PACKAGE_VERSION ""
| #define PACKAGE_STRING ""
| #define PACKAGE_BUGREPORT ""
| #define PACKAGE_URL ""
| #define PACKAGE "libevent"
| #define VERSION "2.0.22-stable"
| #define NUMERIC_VERSION 0x02001600
| #define STDC_HEADERS 1
| #define HAVE_SYS_TYPES_H 1
| #define HAVE_SYS_STAT_H 1
| #define HAVE_STDLIB_H 1
| #define HAVE_STRING_H 1
| #define HAVE_MEMORY_H 1
| #define HAVE_STRINGS_H 1
| #define HAVE_INTTYPES_H 1
| #define HAVE_STDINT_H 1
| #define HAVE_UNISTD_H 1
| #define HAVE_DLFCN_H 1
| #define LT_OBJDIR ".libs/"
| #define HAVE_ZLIB_H 1
| #define HAVE_LIBZ 1
| #define HAVE_OPENSSL_BIO_H 1
| #define HAVE_OPENSSL 1
| #define STDC_HEADERS 1
| #define HAVE_FCNTL_H 1
| #define HAVE_STDARG_H 1
| #define HAVE_INTTYPES_H 1
| #define HAVE_STDINT_H 1
| #define HAVE_STDDEF_H 1
| #define HAVE_POLL_H 1
| #define HAVE_UNISTD_H 1
| #define HAVE_SYS_EPOLL_H 1
| #define HAVE_SYS_TIME_H 1
| #define HAVE_SYS_QUEUE_H 1
| #define HAVE_SYS_PARAM_H 1
| #define HAVE_SYS_IOCTL_H 1
| #define HAVE_SYS_SELECT_H 1
| /* end confdefs.h.  */
| #include <stdio.h>
| #ifdef HAVE_SYS_TYPES_H
| # include <sys/types.h>
| #endif
| #ifdef HAVE_SYS_STAT_H
| # include <sys/stat.h>
| #endif
| #ifdef STDC_HEADERS
| # include <stdlib.h>
| # include <stddef.h>
| #else
| # ifdef HAVE_STDLIB_H
| #  include <stdlib.h>
| # endif
| #endif
| #ifdef HAVE_STRING_H
| # if !defined STDC_HEADERS && defined HAVE_MEMORY_H
| #  include <memory.h>
| # endif
| # include <string.h>
| #endif
| #ifdef HAVE_STRINGS_H
| # include <strings.h>
| #endif
| #ifdef HAVE_INTTYPES_H
| # include <inttypes.h>
| #endif
| #ifdef HAVE_STDINT_H
| # include <stdint.h>
| #endif
| #ifdef HAVE_UNISTD_H
| # include <unistd.h>
| #endif
| #include <sys/devpoll.h>
configure:12689: result: no
configure:12689: checking sys/devpoll.h presence
configure:12689: clang -E  conftest.c
conftest.c:42:10: fatal error: 'sys/devpoll.h' file not found
#include <sys/devpoll.h>
         ^~~~~~~~~~~~~~~
1 error generated.
configure:12689: $? = 1
configure: failed program was:
| /* confdefs.h */
| #define PACKAGE_NAME ""
| #define PACKAGE_TARNAME ""
| #define PACKAGE_VERSION ""
| #define PACKAGE_STRING ""
| #define PACKAGE_BUGREPORT ""
| #define PACKAGE_URL ""
| #define PACKAGE "libevent"
| #define VERSION "2.0.22-stable"
| #define NUMERIC_VERSION 0x02001600
| #define STDC_HEADERS 1
| #define HAVE_SYS_TYPES_H 1
| #define HAVE_SYS_STAT_H 1
| #define HAVE_STDLIB_H 1
| #define HAVE_STRING_H 1
| #define HAVE_MEMORY_H 1
| #define HAVE_STRINGS_H 1
| #define HAVE_INTTYPES_H 1
| #define HAVE_STDINT_H 1
| #define HAVE_UNISTD_H 1
| #define HAVE_DLFCN_H 1
| #define LT_OBJDIR ".libs/"
| #define HAVE_ZLIB_H 1
| #define HAVE_LIBZ 1
| #define HAVE_OPENSSL_BIO_H 1
| #define HAVE_OPENSSL 1
| #define STDC_HEADERS 1
| #define HAVE_FCNTL_H 1
| #define HAVE_STDARG_H 1
| #define HAVE_INTTYPES_H 1
| #define HAVE_STDINT_H 1
| #define HAVE_STDDEF_H 1
| #define HAVE_POLL_H 1
| #define HAVE_UNISTD_H 1
| #define HAVE_SYS_EPOLL_H 1
| #define HAVE_SYS_TIME_H 1
| #define HAVE_SYS_QUEUE_H 1
| #define HAVE_SYS_PARAM_H 1
| #define HAVE_SYS_IOCTL_H 1
| #define HAVE_SYS_SELECT_H 1
| /* end confdefs.h.  */
| #include <sys/devpoll.h>
configure:12689: result: no
configure:12689: checking for sys/devpoll.h
configure:12689: result: no
configure:12689: checking port.h usability
configure:12689: clang -c -ggdb3 -O0 -std=c11 -Wall -Werror -Wextra -Wno-sign-compare -Wno-unused-parameter -Wno-unused-variable -Wshadow -Wall -fno-strict-aliasing  conftest.c >&5
conftest.c:75:10: fatal error: 'port.h' file not found
#include <port.h>
         ^~~~~~~~
1 error generated.
configure:12689: $? = 1
configure: failed program was:
| /* confdefs.h */
| #define PACKAGE_NAME ""
| #define PACKAGE_TARNAME ""
| #define PACKAGE_VERSION ""
| #define PACKAGE_STRING ""
| #define PACKAGE_BUGREPORT ""
| #define PACKAGE_URL ""
| #define PACKAGE "libevent"
| #define VERSION "2.0.22-stable"
| #define NUMERIC_VERSION 0x02001600
| #define STDC_HEADERS 1
| #define HAVE_SYS_TYPES_H 1
| #define HAVE_SYS_STAT_H 1
| #define HAVE_STDLIB_H 1
| #define HAVE_STRING_H 1
| #define HAVE_MEMORY_H 1
| #define HAVE_STRINGS_H 1
| #define HAVE_INTTYPES_H 1
| #define HAVE_STDINT_H 1
| #define HAVE_UNISTD_H 1
| #define HAVE_DLFCN_H 1
| #define LT_OBJDIR ".libs/"
| #define HAVE_ZLIB_H 1
| #define HAVE_LIBZ 1
| #define HAVE_OPENSSL_BIO_H 1
| #define HAVE_OPENSSL 1
| #define STDC_HEADERS 1
| #define HAVE_FCNTL_H 1
| #define HAVE_STDARG_H 1
| #define HAVE_INTTYPES_H 1
| #define HAVE_STDINT_H 1
| #define HAVE_STDDEF_H 1
| #define HAVE_POLL_H 1
| #define HAVE_UNISTD_H 1
| #define HAVE_SYS_EPOLL_H 1
| #define HAVE_SYS_TIME_H 1
| #define HAVE_SYS_QUEUE_H 1
| #define HAVE_SYS_PARAM_H 1
| #define HAVE_SYS_IOCTL_H 1
| #define HAVE_SYS_SELECT_H 1
| /* end confdefs.h.  */
| #include <stdio.h>
| #ifdef HAVE_SYS_TYPES_H
| # include <sys/types.h>
| #endif
| #ifdef HAVE_SYS_STAT_H
| # include <sys/stat.h>
| #endif
| #ifdef STDC_HEADERS
| # include <stdlib.h>
| # include <stddef.h>
| #else
| # ifdef HAVE_STDLIB_H
| #  include <stdlib.h>
| # endif
| #endif
| #ifdef HAVE_STRING_H
| # if !defined STDC_HEADERS && defined HAVE_MEMORY_H
| #  include <memory.h>
| # endif
| # include <string.h>
| #endif
| #ifdef HAVE_STRINGS_H
| # include <strings.h>
| #endif
| #ifdef HAVE_INTTYPES_H
| # include <inttypes.h>
| #endif
| #ifdef HAVE_STDINT_H
| # include <stdint.h>
| #endif
| #ifdef HAVE_UNISTD_H
| # include <unistd.h>
| #endif
| #include <port.h>
configure:12689: result: no
configure:12689: checking port.h presence
configure:12689: clang -E  conftest.c
conftest.c:42:10: fatal error: 'port.h' file not found
#include <port.h>
         ^~~~~~~~
1 error generated.
configure:12689: $? = 1
configure: failed program was:
| /* confdefs.h */
| #define PACKAGE_NAME ""
| #define PACKAGE_TARNAME ""
| #define PACKAGE_VERSION ""
| #define PACKAGE_STRING ""
| #define PACKAGE_BUGREPORT ""
| #define PACKAGE_URL ""
| #define PACKAGE "libevent"
| #define VERSION "2.0.22-stable"
| #define NUMERIC_VERSION 0x02001600
| #define STDC_HEADERS 1
| #define HAVE_SYS_TYPES_H 1
| #define HAVE_SYS_STAT_H 1
| #define HAVE_STDLIB_H 1
| #define HAVE_STRING_H 1
| #define HAVE_MEMORY_H 1
| #define HAVE_STRINGS_H 1
| #define HAVE_INTTYPES_H 1
| #define HAVE_STDINT_H 1
| #define HAVE_UNISTD_H 1
| #define HAVE_DLFCN_H 1
| #define LT_OBJDIR ".libs/"
| #define HAVE_ZLIB_H 1
| #define HAVE_LIBZ 1
| #define HAVE_OPENSSL_BIO_H 1
| #define HAVE_OPENSSL 1
| #define STDC_HEADERS 1
| #define HAVE_FCNTL_H 1
| #define HAVE_STDARG_H 1
| #define HAVE_INTTYPES_H 1
| #define HAVE_STDINT_H 1
| #define HAVE_STDDEF_H 1
| #define HAVE_POLL_H 1
| #define HAVE_UNISTD_H 1
| #define HAVE_SYS_EPOLL_H 1
| #define HAVE_SYS_TIME_H 1
| #define HAVE_SYS_QUEUE_H 1
| #define HAVE_SYS_PARAM_H 1
| #define HAVE_SYS_IOCTL_H 1
| #define HAVE_SYS_SELECT_H 1
| /* end confdefs.h.  */
| #include <port.h>
configure:12689: result: no
configure:12689: checking for port.h
configure:12689: result: no
configure:12689: checking netinet/in.h usability
configure:12689: clang -c -ggdb3 -O0 -std=c11 -Wall -Werror -Wextra -Wno-sign-compare -Wno-unused-parameter -Wno-unused-variable -Wshadow -Wall -fno-strict-aliasing  conftest.c >&5
configure:12689: $? = 0
configure:12689: result: yes
configure:12689: checking netinet/in.h presence
configure:12689: clang -E  conftest.c
configure:12689: $? = 0
configure:12689: result: yes
configure:12689: checking for netinet/in.h
configure:12689: result: yes
configure:12689: checking netinet/in6.h usability
configure:12689: clang -c -ggdb3 -O0 -std=c11 -Wall -Werror -Wextra -Wno-sign-compare -Wno-unused-parameter -Wno-unused-variable -Wshadow -Wall -fno-strict-aliasing  conftest.c >&5
conftest.c:76:10: fatal error: 'netinet/in6.h' file not found
#include <netinet/in6.h>
         ^~~~~~~~~~~~~~~
1 error generated.
configure:12689: $? = 1
configure: failed program was:
| /* confdefs.h */
| #define PACKAGE_NAME ""
| #define PACKAGE_TARNAME ""
| #define PACKAGE_VERSION ""
| #define PACKAGE_STRING ""
| #define PACKAGE_BUGREPORT ""
| #define PACKAGE_URL ""
| #define PACKAGE "libevent"
| #define VERSION "2.0.22-stable"
| #define NUMERIC_VERSION 0x02001600
| #define STDC_HEADERS 1
| #define HAVE_SYS_TYPES_H 1
| #define HAVE_SYS_STAT_H 1
| #define HAVE_STDLIB_H 1
| #define HAVE_STRING_H 1
| #define HAVE_MEMORY_H 1
| #define HAVE_STRINGS_H 1
| #define HAVE_INTTYPES_H 1
| #define HAVE_STDINT_H 1
| #define HAVE_UNISTD_H 1
| #define HAVE_DLFCN_H 1
| #define LT_OBJDIR ".libs/"
| #define HAVE_ZLIB_H 1
| #define HAVE_LIBZ 1
| #define HAVE_OPENSSL_BIO_H 1
| #define HAVE_OPENSSL 1
| #define STDC_HEADERS 1
| #define HAVE_FCNTL_H 1
| #define HAVE_STDARG_H 1
| #define HAVE_INTTYPES_H 1
| #define HAVE_STDINT_H 1
| #define HAVE_STDDEF_H 1
| #define HAVE_POLL_H 1
| #define HAVE_UNISTD_H 1
| #define HAVE_SYS_EPOLL_H 1
| #define HAVE_SYS_TIME_H 1
| #define HAVE_SYS_QUEUE_H 1
| #define HAVE_SYS_PARAM_H 1
| #define HAVE_SYS_IOCTL_H 1
| #define HAVE_SYS_SELECT_H 1
| #define HAVE_NETINET_IN_H 1
| /* end confdefs.h.  */
| #include <stdio.h>
| #ifdef HAVE_SYS_TYPES_H
| # include <sys/types.h>
| #endif
| #ifdef HAVE_SYS_STAT_H
| # include <sys/stat.h>
| #endif
| #ifdef STDC_HEADERS
| # include <stdlib.h>
| # include <stddef.h>
| #else
| # ifdef HAVE_STDLIB_H
| #  include <stdlib.h>
| # endif
| #endif
| #ifdef HAVE_STRING_H
| # if !defined STDC_HEADERS && defined HAVE_MEMORY_H
| #  include <memory.h>
| # endif
| # include <string.h>
| #endif
| #ifdef HAVE_STRINGS_H
| # include <strings.h>
| #endif
| #ifdef HAVE_INTTYPES_H
| # include <inttypes.h>
| #endif
| #ifdef HAVE_STDINT_H
| # include <stdint.h>
| #endif
| #ifdef HAVE_UNISTD_H
| # include <unistd.h>
| #endif
| #include <netinet/in6.h>
configure:12689: result: no
configure:12689: checking netinet/in6.h presence
configure:12689: clang -E  conftest.c
conftest.c:43:10: fatal error: 'netinet/in6.h' file not found
#include <netinet/in6.h>
         ^~~~~~~~~~~~~~~
1 error generated.
configure:12689: $? = 1
configure: failed program was:
| /* confdefs.h */
| #define PACKAGE_NAME ""
| #define PACKAGE_TARNAME ""
| #define PACKAGE_VERSION ""
| #define PACKAGE_STRING ""
| #define PACKAGE_BUGREPORT ""
| #define PACKAGE_URL ""
| #define PACKAGE "libevent"
| #define VERSION "2.0.22-stable"
| #define NUMERIC_VERSION 0x02001600
| #define STDC_HEADERS 1
| #define HAVE_SYS_TYPES_H 1
| #define HAVE_SYS_STAT_H 1
| #define HAVE_STDLIB_H 1
| #define HAVE_STRING_H 1
| #define HAVE_MEMORY_H 1
| #define HAVE_STRINGS_H 1
| #define HAVE_INTTYPES_H 1
| #define HAVE_STDINT_H 1
| #define HAVE_UNISTD_H 1
| #define HAVE_DLFCN_H 1
| #define LT_OBJDIR ".libs/"
| #define HAVE_ZLIB_H 1
| #define HAVE_LIBZ 1
| #define HAVE_OPENSSL_BIO_H 1
| #define HAVE_OPENSSL 1
| #define STDC_HEADERS 1
| #define HAVE_FCNTL_H 1
| #define HAVE_STDARG_H 1
| #define HAVE_INTTYPES_H 1
| #define HAVE_STDINT_H 1
| #define HAVE_STDDEF_H 1
| #define HAVE_POLL_H 1
| #define HAVE_UNISTD_H 1
| #define HAVE_SYS_EPOLL_H 1
| #define HAVE_SYS_TIME_H 1
| #define HAVE_SYS_QUEUE_H 1
| #define HAVE_SYS_PARAM_H 1
| #define HAVE_SYS_IOCTL_H 1
| #define HAVE_SYS_SELECT_H 1
| #define HAVE_NETINET_IN_H 1
| /* end confdefs.h.  */
| #include <netinet/in6.h>
configure:12689: result: no
configure:12689: checking for netinet/in6.h
configure:12689: result: no
configure:12689: checking sys/socket.h usability
configure:12689: clang -c -ggdb3 -O0 -std=c11 -Wall -Werror -Wextra -Wno-sign-compare -Wno-unused-parameter -Wno-unused-variable -Wshadow -Wall -fno-strict-aliasing  conftest.c >&5
configure:12689: $? = 0
configure:12689: result: yes
configure:12689: checking sys/socket.h presence
configure:12689: clang -E  conftest.c
configure:12689: $? = 0
configure:12689: result: yes
configure:12689: checking for sys/socket.h
configure:12689: result: yes
configure:12689: checking sys/uio.h usability
configure:12689: clang -c -ggdb3 -O0 -std=c11 -Wall -Werror -Wextra -Wno-sign-compare -Wno-unused-parameter -Wno-unused-variable -Wshadow -Wall -fno-strict-aliasing  conftest.c >&5
configure:12689: $? = 0
configure:12689: result: yes
configure:12689: checking sys/uio.h presence
configure:12689: clang -E  conftest.c
configure:12689: $? = 0
configure:12689: result: yes
configure:12689: checking for sys/uio.h
configure:12689: result: yes
configure:12689: checking arpa/inet.h usability
configure:12689: clang -c -ggdb3 -O0 -std=c11 -Wall -Werror -Wextra -Wno-sign-compare -Wno-unused-parameter -Wno-unused-variable -Wshadow -Wall -fno-strict-aliasing  conftest.c >&5
configure:12689: $? = 0
configure:12689: result: yes
configure:12689: checking arpa/inet.h presence
configure:12689: clang -E  conftest.c
configure:12689: $? = 0
configure:12689: result: yes
configure:12689: checking for arpa/inet.h
configure:12689: result: yes
configure:12689: checking sys/eventfd.h usability
configure:12689: clang -c -ggdb3 -O0 -std=c11 -Wall -Werror -Wextra -Wno-sign-compare -Wno-unused-parameter -Wno-unused-variable -Wshadow -Wall -fno-strict-aliasing  conftest.c >&5
configure:12689: $? = 0
configure:12689: result: yes
configure:12689: checking sys/eventfd.h presence
configure:12689: clang -E  conftest.c
configure:12689: $? = 0
configure:12689: result: yes
configure:12689: checking for sys/eventfd.h
configure:12689: result: yes
configure:12689: checking sys/mman.h usability
configure:12689: clang -c -ggdb3 -O0 -std=c11 -Wall -Werror -Wextra -Wno-sign-compare -Wno-unused-parameter -Wno-unused-variable -Wshadow -Wall -fno-strict-aliasing  conftest.c >&5
configure:12689: $? = 0
configure:12689: result: yes
configure:12689: checking sys/mman.h presence
configure:12689: clang -E  conftest.c
configure:12689: $? = 0
configure:12689: result: yes
configure:12689: checking for sys/mman.h
configure:12689: result: yes
configure:12689: checking sys/sendfile.h usability
configure:12689: clang -c -ggdb3 -O0 -std=c11 -Wall -Werror -Wextra -Wno-sign-compare -Wno-unused-parameter -Wno-unused-variable -Wshadow -Wall -fno-strict-aliasing  conftest.c >&5
configure:12689: $? = 0
configure:12689: result: yes
configure:12689: checking sys/sendfile.h presence
configure:12689: clang -E  conftest.c
configure:12689: $? = 0
configure:12689: result: yes
configure:12689: checking for sys/sendfile.h
configure:12689: result: yes
configure:12689: checking sys/wait.h usability
configure:12689: clang -c -ggdb3 -O0 -std=c11 -Wall -Werror -Wextra -Wno-sign-compare -Wno-unused-parameter -Wno-unused-variable -Wshadow -Wall -fno-strict-aliasing  conftest.c >&5
configure:12689: $? = 0
configure:12689: result: yes
configure:12689: checking sys/wait.h presence
configure:12689: clang -E  conftest.c
configure:12689: $? = 0
configure:12689: result: yes
configure:12689: checking for sys/wait.h
configure:12689: result: yes
configure:12689: checking netdb.h usability
configure:12689: clang -c -ggdb3 -O0 -std=c11 -Wall -Werror -Wextra -Wno-sign-compare -Wno-unused-parameter -Wno-unused-variable -Wshadow -Wall -fno-strict-aliasing  conftest.c >&5
configure:12689: $? = 0
configure:12689: result: yes
configure:12689: checking netdb.h presence
configure:12689: clang -E  conftest.c
configure:12689: $? = 0
configure:12689: result: yes
configure:12689: checking for netdb.h
configure:12689: result: yes
configure:12701: checking for sys/stat.h
configure:12701: result: yes
configure:12713: checking for sys/sysctl.h
configure:12713: clang -c -ggdb3 -O0 -std=c11 -Wall -Werror -Wextra -Wno-sign-compare -Wno-unused-parameter -Wno-unused-variable -Wshadow -Wall -fno-strict-aliasing  conftest.c >&5
configure:12713: $? = 0
configure:12713: result: yes
configure:12729: checking for TAILQ_FOREACH in sys/queue.h
configure:12742: result: yes
configure:12757: checking for timeradd in sys/time.h
configure:12773: result: yes
configure:12785: checking for timercmp in sys/time.h
configure:12801: result: yes
configure:12813: checking for timerclear in sys/time.h
configure:12829: result: yes
configure:12841: checking for timerisset in sys/time.h
configure:12857: result: yes
configure:12869: checking whether CTL_KERN is declared
configure:12869: clang -c -ggdb3 -O0 -std=c11 -Wall -Werror -Wextra -Wno-sign-compare -Wno-unused-parameter -Wno-unused-variable -Wshadow -Wall -fno-strict-aliasing  conftest.c >&5
configure:12869: $? = 0
configure:12869: result: yes
configure:12882: checking whether KERN_RANDOM is declared
configure:12882: clang -c -ggdb3 -O0 -std=c11 -Wall -Werror -Wextra -Wno-sign-compare -Wno-unused-parameter -Wno-unused-variable -Wshadow -Wall -fno-strict-aliasing  conftest.c >&5
configure:12882: $? = 0
configure:12882: result: yes
configure:12895: checking whether RANDOM_UUID is declared
configure:12895: clang -c -ggdb3 -O0 -std=c11 -Wall -Werror -Wextra -Wno-sign-compare -Wno-unused-parameter -Wno-unused-variable -Wshadow -Wall -fno-strict-aliasing  conftest.c >&5
configure:12895: $? = 0
configure:12895: result: yes
configure:12908: checking whether KERN_ARND is declared
configure:12908: clang -c -ggdb3 -O0 -std=c11 -Wall -Werror -Wextra -Wno-sign-compare -Wno-unused-parameter -Wno-unused-variable -Wshadow -Wall -fno-strict-aliasing  conftest.c >&5
conftest.c:72:10: error: use of undeclared identifier 'KERN_ARND'
  (void) KERN_ARND;
         ^
1 error generated.
configure:12908: $? = 1
configure: failed program was:
| /* confdefs.h */
| #define PACKAGE_NAME ""
| #define PACKAGE_TARNAME ""
| #define PACKAGE_VERSION ""
| #define PACKAGE_STRING ""
| #define PACKAGE_BUGREPORT ""
| #define PACKAGE_URL ""
| #define PACKAGE "libevent"
| #define VERSION "2.0.22-stable"
| #define NUMERIC_VERSION 0x02001600
| #define STDC_HEADERS 1
| #define HAVE_SYS_TYPES_H 1
| #define HAVE_SYS_STAT_H 1
| #define HAVE_STDLIB_H 1
| #define HAVE_STRING_H 1
| #define HAVE_MEMORY_H 1
| #define HAVE_STRINGS_H 1
| #define HAVE_INTTYPES_H 1
| #define HAVE_STDINT_H 1
| #define HAVE_UNISTD_H 1
| #define HAVE_DLFCN_H 1
| #define LT_OBJDIR ".libs/"
| #define HAVE_ZLIB_H 1
| #define HAVE_LIBZ 1
| #define HAVE_OPENSSL_BIO_H 1
| #define HAVE_OPENSSL 1
| #define STDC_HEADERS 1
| #define HAVE_FCNTL_H 1
| #define HAVE_STDARG_H 1
| #define HAVE_INTTYPES_H 1
| #define HAVE_STDINT_H 1
| #define HAVE_STDDEF_H 1
| #define HAVE_POLL_H 1
| #define HAVE_UNISTD_H 1
| #define HAVE_SYS_EPOLL_H 1
| #define HAVE_SYS_TIME_H 1
| #define HAVE_SYS_QUEUE_H 1
| #define HAVE_SYS_PARAM_H 1
| #define HAVE_SYS_IOCTL_H 1
| #define HAVE_SYS_SELECT_H 1
| #define HAVE_NETINET_IN_H 1
| #define HAVE_SYS_SOCKET_H 1
| #define HAVE_SYS_UIO_H 1
| #define HAVE_ARPA_INET_H 1
| #define HAVE_SYS_EVENTFD_H 1
| #define HAVE_SYS_MMAN_H 1
| #define HAVE_SYS_SENDFILE_H 1
| #define HAVE_SYS_WAIT_H 1
| #define HAVE_NETDB_H 1
| #define HAVE_SYS_STAT_H 1
| #define HAVE_SYS_SYSCTL_H 1
| #define HAVE_TAILQFOREACH 1
| #define HAVE_TIMERADD 1
| #define HAVE_TIMERCMP 1
| #define HAVE_TIMERCLEAR 1
| #define HAVE_TIMERISSET 1
| #define HAVE_DECL_CTL_KERN 1
| #define HAVE_DECL_KERN_RANDOM 1
| #define HAVE_DECL_RANDOM_UUID 1
| /* end confdefs.h.  */
| #include <sys/types.h>
| 	     #include <sys/sysctl.h>
| 
| 
| int
| main ()
| {
| #ifndef KERN_ARND
| #ifdef __cplusplus
|   (void) KERN_ARND;
| #else
|   (void) KERN_ARND;
| #endif
| #endif
| 
|   ;
|   return 0;
| }
configure:12908: result: no
configure:13008: checking for an ANSI C-conforming const
configure:13074: clang -c -ggdb3 -O0 -std=c11 -Wall -Werror -Wextra -Wno-sign-compare -Wno-unused-parameter -Wno-unused-variable -Wshadow -Wall -fno-strict-aliasing  conftest.c >&5
configure:13074: $? = 0
configure:13081: result: yes
configure:13089: checking for inline
configure:13105: clang -c -ggdb3 -O0 -std=c11 -Wall -Werror -Wextra -Wno-sign-compare -Wno-unused-parameter -Wno-unused-variable -Wshadow -Wall -fno-strict-aliasing  conftest.c >&5
conftest.c:64:21: error: unused function 'static_foo' [-Werror,-Wunused-function]
static inline foo_t static_foo () {return 0; }
                    ^
1 error generated.
configure:13105: $? = 1
configure: failed program was:
| /* confdefs.h */
| #define PACKAGE_NAME ""
| #define PACKAGE_TARNAME ""
| #define PACKAGE_VERSION ""
| #define PACKAGE_STRING ""
| #define PACKAGE_BUGREPORT ""
| #define PACKAGE_URL ""
| #define PACKAGE "libevent"
| #define VERSION "2.0.22-stable"
| #define NUMERIC_VERSION 0x02001600
| #define STDC_HEADERS 1
| #define HAVE_SYS_TYPES_H 1
| #define HAVE_SYS_STAT_H 1
| #define HAVE_STDLIB_H 1
| #define HAVE_STRING_H 1
| #define HAVE_MEMORY_H 1
| #define HAVE_STRINGS_H 1
| #define HAVE_INTTYPES_H 1
| #define HAVE_STDINT_H 1
| #define HAVE_UNISTD_H 1
| #define HAVE_DLFCN_H 1
| #define LT_OBJDIR ".libs/"
| #define HAVE_ZLIB_H 1
| #define HAVE_LIBZ 1
| #define HAVE_OPENSSL_BIO_H 1
| #define HAVE_OPENSSL 1
| #define STDC_HEADERS 1
| #define HAVE_FCNTL_H 1
| #define HAVE_STDARG_H 1
| #define HAVE_INTTYPES_H 1
| #define HAVE_STDINT_H 1
| #define HAVE_STDDEF_H 1
| #define HAVE_POLL_H 1
| #define HAVE_UNISTD_H 1
| #define HAVE_SYS_EPOLL_H 1
| #define HAVE_SYS_TIME_H 1
| #define HAVE_SYS_QUEUE_H 1
| #define HAVE_SYS_PARAM_H 1
| #define HAVE_SYS_IOCTL_H 1
| #define HAVE_SYS_SELECT_H 1
| #define HAVE_NETINET_IN_H 1
| #define HAVE_SYS_SOCKET_H 1
| #define HAVE_SYS_UIO_H 1
| #define HAVE_ARPA_INET_H 1
| #define HAVE_SYS_EVENTFD_H 1
| #define HAVE_SYS_MMAN_H 1
| #define HAVE_SYS_SENDFILE_H 1
| #define HAVE_SYS_WAIT_H 1
| #define HAVE_NETDB_H 1
| #define HAVE_SYS_STAT_H 1
| #define HAVE_SYS_SYSCTL_H 1
| #define HAVE_TAILQFOREACH 1
| #define HAVE_TIMERADD 1
| #define HAVE_TIMERCMP 1
| #define HAVE_TIMERCLEAR 1
| #define HAVE_TIMERISSET 1
| #define HAVE_DECL_CTL_KERN 1
| #define HAVE_DECL_KERN_RANDOM 1
| #define HAVE_DECL_RANDOM_UUID 1
| #define HAVE_DECL_KERN_ARND 0
| /* end confdefs.h.  */
| #ifndef __cplusplus
| typedef int foo_t;
| static inline foo_t static_foo () {return 0; }
| inline foo_t foo () {return 0; }
| #endif
| 
configure:13105: clang -c -ggdb3 -O0 -std=c11 -Wall -Werror -Wextra -Wno-sign-compare -Wno-unused-parameter -Wno-unused-variable -Wshadow -Wall -fno-strict-aliasing  conftest.c >&5
conftest.c:64:25: error: unused function 'static_foo' [-Werror,-Wunused-function]
static __inline__ foo_t static_foo () {return 0; }
                        ^
1 error generated.
configure:13105: $? = 1
configure: failed program was:
| /* confdefs.h */
| #define PACKAGE_NAME ""
| #define PACKAGE_TARNAME ""
| #define PACKAGE_VERSION ""
| #define PACKAGE_STRING ""
| #define PACKAGE_BUGREPORT ""
| #define PACKAGE_URL ""
| #define PACKAGE "libevent"
| #define VERSION "2.0.22-stable"
| #define NUMERIC_VERSION 0x02001600
| #define STDC_HEADERS 1
| #define HAVE_SYS_TYPES_H 1
| #define HAVE_SYS_STAT_H 1
| #define HAVE_STDLIB_H 1
| #define HAVE_STRING_H 1
| #define HAVE_MEMORY_H 1
| #define HAVE_STRINGS_H 1
| #define HAVE_INTTYPES_H 1
| #define HAVE_STDINT_H 1
| #define HAVE_UNISTD_H 1
| #define HAVE_DLFCN_H 1
| #define LT_OBJDIR ".libs/"
| #define HAVE_ZLIB_H 1
| #define HAVE_LIBZ 1
| #define HAVE_OPENSSL_BIO_H 1
| #define HAVE_OPENSSL 1
| #define STDC_HEADERS 1
| #define HAVE_FCNTL_H 1
| #define HAVE_STDARG_H 1
| #define HAVE_INTTYPES_H 1
| #define HAVE_STDINT_H 1
| #define HAVE_STDDEF_H 1
| #define HAVE_POLL_H 1
| #define HAVE_UNISTD_H 1
| #define HAVE_SYS_EPOLL_H 1
| #define HAVE_SYS_TIME_H 1
| #define HAVE_SYS_QUEUE_H 1
| #define HAVE_SYS_PARAM_H 1
| #define HAVE_SYS_IOCTL_H 1
| #define HAVE_SYS_SELECT_H 1
| #define HAVE_NETINET_IN_H 1
| #define HAVE_SYS_SOCKET_H 1
| #define HAVE_SYS_UIO_H 1
| #define HAVE_ARPA_INET_H 1
| #define HAVE_SYS_EVENTFD_H 1
| #define HAVE_SYS_MMAN_H 1
| #define HAVE_SYS_SENDFILE_H 1
| #define HAVE_SYS_WAIT_H 1
| #define HAVE_NETDB_H 1
| #define HAVE_SYS_STAT_H 1
| #define HAVE_SYS_SYSCTL_H 1
| #define HAVE_TAILQFOREACH 1
| #define HAVE_TIMERADD 1
| #define HAVE_TIMERCMP 1
| #define HAVE_TIMERCLEAR 1
| #define HAVE_TIMERISSET 1
| #define HAVE_DECL_CTL_KERN 1
| #define HAVE_DECL_KERN_RANDOM 1
| #define HAVE_DECL_RANDOM_UUID 1
| #define HAVE_DECL_KERN_ARND 0
| /* end confdefs.h.  */
| #ifndef __cplusplus
| typedef int foo_t;
| static __inline__ foo_t static_foo () {return 0; }
| __inline__ foo_t foo () {return 0; }
| #endif
| 
configure:13105: clang -c -ggdb3 -O0 -std=c11 -Wall -Werror -Wextra -Wno-sign-compare -Wno-unused-parameter -Wno-unused-variable -Wshadow -Wall -fno-strict-aliasing  conftest.c >&5
conftest.c:64:23: error: unused function 'static_foo' [-Werror,-Wunused-function]
static __inline foo_t static_foo () {return 0; }
                      ^
1 error generated.
configure:13105: $? = 1
configure: failed program was:
| /* confdefs.h */
| #define PACKAGE_NAME ""
| #define PACKAGE_TARNAME ""
| #define PACKAGE_VERSION ""
| #define PACKAGE_STRING ""
| #define PACKAGE_BUGREPORT ""
| #define PACKAGE_URL ""
| #define PACKAGE "libevent"
| #define VERSION "2.0.22-stable"
| #define NUMERIC_VERSION 0x02001600
| #define STDC_HEADERS 1
| #define HAVE_SYS_TYPES_H 1
| #define HAVE_SYS_STAT_H 1
| #define HAVE_STDLIB_H 1
| #define HAVE_STRING_H 1
| #define HAVE_MEMORY_H 1
| #define HAVE_STRINGS_H 1
| #define HAVE_INTTYPES_H 1
| #define HAVE_STDINT_H 1
| #define HAVE_UNISTD_H 1
| #define HAVE_DLFCN_H 1
| #define LT_OBJDIR ".libs/"
| #define HAVE_ZLIB_H 1
| #define HAVE_LIBZ 1
| #define HAVE_OPENSSL_BIO_H 1
| #define HAVE_OPENSSL 1
| #define STDC_HEADERS 1
| #define HAVE_FCNTL_H 1
| #define HAVE_STDARG_H 1
| #define HAVE_INTTYPES_H 1
| #define HAVE_STDINT_H 1
| #define HAVE_STDDEF_H 1
| #define HAVE_POLL_H 1
| #define HAVE_UNISTD_H 1
| #define HAVE_SYS_EPOLL_H 1
| #define HAVE_SYS_TIME_H 1
| #define HAVE_SYS_QUEUE_H 1
| #define HAVE_SYS_PARAM_H 1
| #define HAVE_SYS_IOCTL_H 1
| #define HAVE_SYS_SELECT_H 1
| #define HAVE_NETINET_IN_H 1
| #define HAVE_SYS_SOCKET_H 1
| #define HAVE_SYS_UIO_H 1
| #define HAVE_ARPA_INET_H 1
| #define HAVE_SYS_EVENTFD_H 1
| #define HAVE_SYS_MMAN_H 1
| #define HAVE_SYS_SENDFILE_H 1
| #define HAVE_SYS_WAIT_H 1
| #define HAVE_NETDB_H 1
| #define HAVE_SYS_STAT_H 1
| #define HAVE_SYS_SYSCTL_H 1
| #define HAVE_TAILQFOREACH 1
| #define HAVE_TIMERADD 1
| #define HAVE_TIMERCMP 1
| #define HAVE_TIMERCLEAR 1
| #define HAVE_TIMERISSET 1
| #define HAVE_DECL_CTL_KERN 1
| #define HAVE_DECL_KERN_RANDOM 1
| #define HAVE_DECL_RANDOM_UUID 1
| #define HAVE_DECL_KERN_ARND 0
| /* end confdefs.h.  */
| #ifndef __cplusplus
| typedef int foo_t;
| static __inline foo_t static_foo () {return 0; }
| __inline foo_t foo () {return 0; }
| #endif
| 
configure:13113: result: no
configure:13131: checking whether time.h and sys/time.h may both be included
configure:13151: clang -c -ggdb3 -O0 -std=c11 -Wall -Werror -Wextra -Wno-sign-compare -Wno-unused-parameter -Wno-unused-variable -Wshadow -Wall -fno-strict-aliasing  conftest.c >&5
configure:13151: $? = 0
configure:13158: result: yes
configure:13170: checking for gettimeofday
configure:13170: clang -o conftest -ggdb3 -O0 -std=c11 -Wall -Werror -Wextra -Wno-sign-compare -Wno-unused-parameter -Wno-unused-variable -Wshadow -Wall -fno-strict-aliasing   conftest.c  >&5
configure:13170: $? = 0
configure:13170: result: yes
configure:13170: checking for vasprintf
configure:13170: clang -o conftest -ggdb3 -O0 -std=c11 -Wall -Werror -Wextra -Wno-sign-compare -Wno-unused-parameter -Wno-unused-variable -Wshadow -Wall -fno-strict-aliasing   conftest.c  >&5
conftest.c:101:19: error: format string missing [-Werror,-Wformat]
return vasprintf ();
       ~~~~~~~~~  ^
1 error generated.
configure:13170: $? = 1
configure: failed program was:
| /* confdefs.h */
| #define PACKAGE_NAME ""
| #define PACKAGE_TARNAME ""
| #define PACKAGE_VERSION ""
| #define PACKAGE_STRING ""
| #define PACKAGE_BUGREPORT ""
| #define PACKAGE_URL ""
| #define PACKAGE "libevent"
| #define VERSION "2.0.22-stable"
| #define NUMERIC_VERSION 0x02001600
| #define STDC_HEADERS 1
| #define HAVE_SYS_TYPES_H 1
| #define HAVE_SYS_STAT_H 1
| #define HAVE_STDLIB_H 1
| #define HAVE_STRING_H 1
| #define HAVE_MEMORY_H 1
| #define HAVE_STRINGS_H 1
| #define HAVE_INTTYPES_H 1
| #define HAVE_STDINT_H 1
| #define HAVE_UNISTD_H 1
| #define HAVE_DLFCN_H 1
| #define LT_OBJDIR ".libs/"
| #define HAVE_ZLIB_H 1
| #define HAVE_LIBZ 1
| #define HAVE_OPENSSL_BIO_H 1
| #define HAVE_OPENSSL 1
| #define STDC_HEADERS 1
| #define HAVE_FCNTL_H 1
| #define HAVE_STDARG_H 1
| #define HAVE_INTTYPES_H 1
| #define HAVE_STDINT_H 1
| #define HAVE_STDDEF_H 1
| #define HAVE_POLL_H 1
| #define HAVE_UNISTD_H 1
| #define HAVE_SYS_EPOLL_H 1
| #define HAVE_SYS_TIME_H 1
| #define HAVE_SYS_QUEUE_H 1
| #define HAVE_SYS_PARAM_H 1
| #define HAVE_SYS_IOCTL_H 1
| #define HAVE_SYS_SELECT_H 1
| #define HAVE_NETINET_IN_H 1
| #define HAVE_SYS_SOCKET_H 1
| #define HAVE_SYS_UIO_H 1
| #define HAVE_ARPA_INET_H 1
| #define HAVE_SYS_EVENTFD_H 1
| #define HAVE_SYS_MMAN_H 1
| #define HAVE_SYS_SENDFILE_H 1
| #define HAVE_SYS_WAIT_H 1
| #define HAVE_NETDB_H 1
| #define HAVE_SYS_STAT_H 1
| #define HAVE_SYS_SYSCTL_H 1
| #define HAVE_TAILQFOREACH 1
| #define HAVE_TIMERADD 1
| #define HAVE_TIMERCMP 1
| #define HAVE_TIMERCLEAR 1
| #define HAVE_TIMERISSET 1
| #define HAVE_DECL_CTL_KERN 1
| #define HAVE_DECL_KERN_RANDOM 1
| #define HAVE_DECL_RANDOM_UUID 1
| #define HAVE_DECL_KERN_ARND 0
| #ifndef __cplusplus
| #define inline 
| #endif
| #define TIME_WITH_SYS_TIME 1
| #define HAVE_GETTIMEOFDAY 1
| /* end confdefs.h.  */
| /* Define vasprintf to an innocuous variant, in case <limits.h> declares vasprintf.
|    For example, HP-UX 11i <limits.h> declares gettimeofday.  */
| #define vasprintf innocuous_vasprintf
| 
| /* System header to define __stub macros and hopefully few prototypes,
|     which can conflict with char vasprintf (); below.
|     Prefer <limits.h> to <assert.h> if __STDC__ is defined, since
|     <limits.h> exists even on freestanding compilers.  */
| 
| #ifdef __STDC__
| # include <limits.h>
| #else
| # include <assert.h>
| #endif
| 
| #undef vasprintf
| 
| /* Override any GCC internal prototype to avoid an error.
|    Use char because int might match the return type of a GCC
|    builtin and then its argument prototype would still apply.  */
| #ifdef __cplusplus
| extern "C"
| #endif
| char vasprintf ();
| /* The GNU C library defines this for functions which it implements
|     to always fail with ENOSYS.  Some functions are actually named
|     something starting with __ and the normal name is an alias.  */
| #if defined __stub_vasprintf || defined __stub___vasprintf
| choke me
| #endif
| 
| int
| main ()
| {
| return vasprintf ();
|   ;
|   return 0;
| }
configure:13170: result: no
configure:13170: checking for fcntl
configure:13170: clang -o conftest -ggdb3 -O0 -std=c11 -Wall -Werror -Wextra -Wno-sign-compare -Wno-unused-parameter -Wno-unused-variable -Wshadow -Wall -fno-strict-aliasing   conftest.c  >&5
configure:13170: $? = 0
configure:13170: result: yes
configure:13170: checking for clock_gettime
configure:13170: clang -o conftest -ggdb3 -O0 -std=c11 -Wall -Werror -Wextra -Wno-sign-compare -Wno-unused-parameter -Wno-unused-variable -Wshadow -Wall -fno-strict-aliasing   conftest.c  >&5
configure:13170: $? = 0
configure:13170: result: yes
configure:13170: checking for strtok_r
configure:13170: clang -o conftest -ggdb3 -O0 -std=c11 -Wall -Werror -Wextra -Wno-sign-compare -Wno-unused-parameter -Wno-unused-variable -Wshadow -Wall -fno-strict-aliasing   conftest.c  >&5
configure:13170: $? = 0
configure:13170: result: yes
configure:13170: checking for strsep
configure:13170: clang -o conftest -ggdb3 -O0 -std=c11 -Wall -Werror -Wextra -Wno-sign-compare -Wno-unused-parameter -Wno-unused-variable -Wshadow -Wall -fno-strict-aliasing   conftest.c  >&5
configure:13170: $? = 0
configure:13170: result: yes
configure:13182: checking for getnameinfo
configure:13182: clang -o conftest -ggdb3 -O0 -std=c11 -Wall -Werror -Wextra -Wno-sign-compare -Wno-unused-parameter -Wno-unused-variable -Wshadow -Wall -fno-strict-aliasing   conftest.c  >&5
configure:13182: $? = 0
configure:13182: result: yes
configure:13182: checking for strlcpy
configure:13182: clang -o conftest -ggdb3 -O0 -std=c11 -Wall -Werror -Wextra -Wno-sign-compare -Wno-unused-parameter -Wno-unused-variable -Wshadow -Wall -fno-strict-aliasing   conftest.c  >&5
/tmp/conftest-c3c53a.o: In function `main':
/home/ubuntu/.c9/libevent-2.0.22-stable/conftest.c:106: undefined reference to `strlcpy'
clang-7: error: linker command failed with exit code 1 (use -v to see invocation)
configure:13182: $? = 1
configure: failed program was:
| /* confdefs.h */
| #define PACKAGE_NAME ""
| #define PACKAGE_TARNAME ""
| #define PACKAGE_VERSION ""
| #define PACKAGE_STRING ""
| #define PACKAGE_BUGREPORT ""
| #define PACKAGE_URL ""
| #define PACKAGE "libevent"
| #define VERSION "2.0.22-stable"
| #define NUMERIC_VERSION 0x02001600
| #define STDC_HEADERS 1
| #define HAVE_SYS_TYPES_H 1
| #define HAVE_SYS_STAT_H 1
| #define HAVE_STDLIB_H 1
| #define HAVE_STRING_H 1
| #define HAVE_MEMORY_H 1
| #define HAVE_STRINGS_H 1
| #define HAVE_INTTYPES_H 1
| #define HAVE_STDINT_H 1
| #define HAVE_UNISTD_H 1
| #define HAVE_DLFCN_H 1
| #define LT_OBJDIR ".libs/"
| #define HAVE_ZLIB_H 1
| #define HAVE_LIBZ 1
| #define HAVE_OPENSSL_BIO_H 1
| #define HAVE_OPENSSL 1
| #define STDC_HEADERS 1
| #define HAVE_FCNTL_H 1
| #define HAVE_STDARG_H 1
| #define HAVE_INTTYPES_H 1
| #define HAVE_STDINT_H 1
| #define HAVE_STDDEF_H 1
| #define HAVE_POLL_H 1
| #define HAVE_UNISTD_H 1
| #define HAVE_SYS_EPOLL_H 1
| #define HAVE_SYS_TIME_H 1
| #define HAVE_SYS_QUEUE_H 1
| #define HAVE_SYS_PARAM_H 1
| #define HAVE_SYS_IOCTL_H 1
| #define HAVE_SYS_SELECT_H 1
| #define HAVE_NETINET_IN_H 1
| #define HAVE_SYS_SOCKET_H 1
| #define HAVE_SYS_UIO_H 1
| #define HAVE_ARPA_INET_H 1
| #define HAVE_SYS_EVENTFD_H 1
| #define HAVE_SYS_MMAN_H 1
| #define HAVE_SYS_SENDFILE_H 1
| #define HAVE_SYS_WAIT_H 1
| #define HAVE_NETDB_H 1
| #define HAVE_SYS_STAT_H 1
| #define HAVE_SYS_SYSCTL_H 1
| #define HAVE_TAILQFOREACH 1
| #define HAVE_TIMERADD 1
| #define HAVE_TIMERCMP 1
| #define HAVE_TIMERCLEAR 1
| #define HAVE_TIMERISSET 1
| #define HAVE_DECL_CTL_KERN 1
| #define HAVE_DECL_KERN_RANDOM 1
| #define HAVE_DECL_RANDOM_UUID 1
| #define HAVE_DECL_KERN_ARND 0
| #ifndef __cplusplus
| #define inline 
| #endif
| #define TIME_WITH_SYS_TIME 1
| #define HAVE_GETTIMEOFDAY 1
| #define HAVE_FCNTL 1
| #define HAVE_CLOCK_GETTIME 1
| #define HAVE_STRTOK_R 1
| #define HAVE_STRSEP 1
| #define HAVE_GETNAMEINFO 1
| /* end confdefs.h.  */
| /* Define strlcpy to an innocuous variant, in case <limits.h> declares strlcpy.
|    For example, HP-UX 11i <limits.h> declares gettimeofday.  */
| #define strlcpy innocuous_strlcpy
| 
| /* System header to define __stub macros and hopefully few prototypes,
|     which can conflict with char strlcpy (); below.
|     Prefer <limits.h> to <assert.h> if __STDC__ is defined, since
|     <limits.h> exists even on freestanding compilers.  */
| 
| #ifdef __STDC__
| # include <limits.h>
| #else
| # include <assert.h>
| #endif
| 
| #undef strlcpy
| 
| /* Override any GCC internal prototype to avoid an error.
|    Use char because int might match the return type of a GCC
|    builtin and then its argument prototype would still apply.  */
| #ifdef __cplusplus
| extern "C"
| #endif
| char strlcpy ();
| /* The GNU C library defines this for functions which it implements
|     to always fail with ENOSYS.  Some functions are actually named
|     something starting with __ and the normal name is an alias.  */
| #if defined __stub_strlcpy || defined __stub___strlcpy
| choke me
| #endif
| 
| int
| main ()
| {
| return strlcpy ();
|   ;
|   return 0;
| }
configure:13182: result: no
configure:13182: checking for inet_ntop
configure:13182: clang -o conftest -ggdb3 -O0 -std=c11 -Wall -Werror -Wextra -Wno-sign-compare -Wno-unused-parameter -Wno-unused-variable -Wshadow -Wall -fno-strict-aliasing   conftest.c  >&5
configure:13182: $? = 0
configure:13182: result: yes
configure:13182: checking for inet_pton
configure:13182: clang -o conftest -ggdb3 -O0 -std=c11 -Wall -Werror -Wextra -Wno-sign-compare -Wno-unused-parameter -Wno-unused-variable -Wshadow -Wall -fno-strict-aliasing   conftest.c  >&5
configure:13182: $? = 0
configure:13182: result: yes
configure:13182: checking for signal
configure:13182: clang -o conftest -ggdb3 -O0 -std=c11 -Wall -Werror -Wextra -Wno-sign-compare -Wno-unused-parameter -Wno-unused-variable -Wshadow -Wall -fno-strict-aliasing   conftest.c  >&5
configure:13182: $? = 0
configure:13182: result: yes
configure:13182: checking for sigaction
configure:13182: clang -o conftest -ggdb3 -O0 -std=c11 -Wall -Werror -Wextra -Wno-sign-compare -Wno-unused-parameter -Wno-unused-variable -Wshadow -Wall -fno-strict-aliasing   conftest.c  >&5
configure:13182: $? = 0
configure:13182: result: yes
configure:13182: checking for strtoll
configure:13182: clang -o conftest -ggdb3 -O0 -std=c11 -Wall -Werror -Wextra -Wno-sign-compare -Wno-unused-parameter -Wno-unused-variable -Wshadow -Wall -fno-strict-aliasing   conftest.c  >&5
conftest.c:99:6: error: incompatible redeclaration of library function 'strtoll' [-Werror,-Wincompatible-library-redeclaration]
char strtoll ();
     ^
conftest.c:99:6: note: 'strtoll' is a builtin with type 'long long (const char *, char **, int)'
1 error generated.
configure:13182: $? = 1
configure: failed program was:
| /* confdefs.h */
| #define PACKAGE_NAME ""
| #define PACKAGE_TARNAME ""
| #define PACKAGE_VERSION ""
| #define PACKAGE_STRING ""
| #define PACKAGE_BUGREPORT ""
| #define PACKAGE_URL ""
| #define PACKAGE "libevent"
| #define VERSION "2.0.22-stable"
| #define NUMERIC_VERSION 0x02001600
| #define STDC_HEADERS 1
| #define HAVE_SYS_TYPES_H 1
| #define HAVE_SYS_STAT_H 1
| #define HAVE_STDLIB_H 1
| #define HAVE_STRING_H 1
| #define HAVE_MEMORY_H 1
| #define HAVE_STRINGS_H 1
| #define HAVE_INTTYPES_H 1
| #define HAVE_STDINT_H 1
| #define HAVE_UNISTD_H 1
| #define HAVE_DLFCN_H 1
| #define LT_OBJDIR ".libs/"
| #define HAVE_ZLIB_H 1
| #define HAVE_LIBZ 1
| #define HAVE_OPENSSL_BIO_H 1
| #define HAVE_OPENSSL 1
| #define STDC_HEADERS 1
| #define HAVE_FCNTL_H 1
| #define HAVE_STDARG_H 1
| #define HAVE_INTTYPES_H 1
| #define HAVE_STDINT_H 1
| #define HAVE_STDDEF_H 1
| #define HAVE_POLL_H 1
| #define HAVE_UNISTD_H 1
| #define HAVE_SYS_EPOLL_H 1
| #define HAVE_SYS_TIME_H 1
| #define HAVE_SYS_QUEUE_H 1
| #define HAVE_SYS_PARAM_H 1
| #define HAVE_SYS_IOCTL_H 1
| #define HAVE_SYS_SELECT_H 1
| #define HAVE_NETINET_IN_H 1
| #define HAVE_SYS_SOCKET_H 1
| #define HAVE_SYS_UIO_H 1
| #define HAVE_ARPA_INET_H 1
| #define HAVE_SYS_EVENTFD_H 1
| #define HAVE_SYS_MMAN_H 1
| #define HAVE_SYS_SENDFILE_H 1
| #define HAVE_SYS_WAIT_H 1
| #define HAVE_NETDB_H 1
| #define HAVE_SYS_STAT_H 1
| #define HAVE_SYS_SYSCTL_H 1
| #define HAVE_TAILQFOREACH 1
| #define HAVE_TIMERADD 1
| #define HAVE_TIMERCMP 1
| #define HAVE_TIMERCLEAR 1
| #define HAVE_TIMERISSET 1
| #define HAVE_DECL_CTL_KERN 1
| #define HAVE_DECL_KERN_RANDOM 1
| #define HAVE_DECL_RANDOM_UUID 1
| #define HAVE_DECL_KERN_ARND 0
| #ifndef __cplusplus
| #define inline 
| #endif
| #define TIME_WITH_SYS_TIME 1
| #define HAVE_GETTIMEOFDAY 1
| #define HAVE_FCNTL 1
| #define HAVE_CLOCK_GETTIME 1
| #define HAVE_STRTOK_R 1
| #define HAVE_STRSEP 1
| #define HAVE_GETNAMEINFO 1
| #define HAVE_INET_NTOP 1
| #define HAVE_INET_PTON 1
| #define HAVE_SIGNAL 1
| #define HAVE_SIGACTION 1
| /* end confdefs.h.  */
| /* Define strtoll to an innocuous variant, in case <limits.h> declares strtoll.
|    For example, HP-UX 11i <limits.h> declares gettimeofday.  */
| #define strtoll innocuous_strtoll
| 
| /* System header to define __stub macros and hopefully few prototypes,
|     which can conflict with char strtoll (); below.
|     Prefer <limits.h> to <assert.h> if __STDC__ is defined, since
|     <limits.h> exists even on freestanding compilers.  */
| 
| #ifdef __STDC__
| # include <limits.h>
| #else
| # include <assert.h>
| #endif
| 
| #undef strtoll
| 
| /* Override any GCC internal prototype to avoid an error.
|    Use char because int might match the return type of a GCC
|    builtin and then its argument prototype would still apply.  */
| #ifdef __cplusplus
| extern "C"
| #endif
| char strtoll ();
| /* The GNU C library defines this for functions which it implements
|     to always fail with ENOSYS.  Some functions are actually named
|     something starting with __ and the normal name is an alias.  */
| #if defined __stub_strtoll || defined __stub___strtoll
| choke me
| #endif
| 
| int
| main ()
| {
| return strtoll ();
|   ;
|   return 0;
| }
configure:13182: result: no
configure:13182: checking for inet_aton
configure:13182: clang -o conftest -ggdb3 -O0 -std=c11 -Wall -Werror -Wextra -Wno-sign-compare -Wno-unused-parameter -Wno-unused-variable -Wshadow -Wall -fno-strict-aliasing   conftest.c  >&5
configure:13182: $? = 0
configure:13182: result: yes
configure:13182: checking for pipe
configure:13182: clang -o conftest -ggdb3 -O0 -std=c11 -Wall -Werror -Wextra -Wno-sign-compare -Wno-unused-parameter -Wno-unused-variable -Wshadow -Wall -fno-strict-aliasing   conftest.c  >&5
configure:13182: $? = 0
configure:13182: result: yes
configure:13182: checking for eventfd
configure:13182: clang -o conftest -ggdb3 -O0 -std=c11 -Wall -Werror -Wextra -Wno-sign-compare -Wno-unused-parameter -Wno-unused-variable -Wshadow -Wall -fno-strict-aliasing   conftest.c  >&5
configure:13182: $? = 0
configure:13182: result: yes
configure:13182: checking for sendfile
configure:13182: clang -o conftest -ggdb3 -O0 -std=c11 -Wall -Werror -Wextra -Wno-sign-compare -Wno-unused-parameter -Wno-unused-variable -Wshadow -Wall -fno-strict-aliasing   conftest.c  >&5
configure:13182: $? = 0
configure:13182: result: yes
configure:13182: checking for mmap
configure:13182: clang -o conftest -ggdb3 -O0 -std=c11 -Wall -Werror -Wextra -Wno-sign-compare -Wno-unused-parameter -Wno-unused-variable -Wshadow -Wall -fno-strict-aliasing   conftest.c  >&5
configure:13182: $? = 0
configure:13182: result: yes
configure:13182: checking for splice
configure:13182: clang -o conftest -ggdb3 -O0 -std=c11 -Wall -Werror -Wextra -Wno-sign-compare -Wno-unused-parameter -Wno-unused-variable -Wshadow -Wall -fno-strict-aliasing   conftest.c  >&5
